Arguments: 
  /usr/bin/node /mnt/c/Users/Kris/AppData/Roaming/npm/node_modules/yarn/bin/yarn.js install

PATH: 
  /usr/local/sbin:/usr/local/bin:/usr/sbin:/usr/bin:/sbin:/bin:/usr/games:/usr/local/games:/mnt/c/Program Files/Docker/Docker/Resources/bin:/mnt/c/Program Files/NVIDIA GPU Computing Toolkit/CUDA/v8.0/bin:/mnt/c/Program Files/NVIDIA GPU Computing Toolkit/CUDA/v8.0/libnvvp:/mnt/c/Program Files/NVIDIA GPU Computing Toolkit/CUDA/v9.1/bin:/mnt/c/Program Files/NVIDIA GPU Computing Toolkit/CUDA/v9.1/libnvvp:/mnt/c/ProgramData/Oracle/Java/javapath:/mnt/c/Windows/system32:/mnt/c/Windows:/mnt/c/Windows/System32/Wbem:/mnt/c/Windows/System32/WindowsPowerShell/v1.0/:/mnt/c/Program Files (x86)/AMD/ATI.ACE/Core-Static:/mnt/c/Program Files (x86)/Windows Live/Shared:/mnt/c/Program Files/Microsoft SQL Server/110/Tools/Binn/:/mnt/c/Program Files/Microsoft SQL Server/120/Tools/Binn/:/mnt/c/WINDOWS/system32:/mnt/c/WINDOWS:/mnt/c/WINDOWS/System32/Wbem:/mnt/c/WINDOWS/System32/WindowsPowerShell/v1.0/:/mnt/c/Program Files/Microsoft DNX/Dnvm/:/mnt/c/Program Files/Microsoft/Web Platform Installer/:/mnt/c/Program Files (x86)/NVIDIA Corporation/PhysX/Common:/mnt/c/Program Files/Microsoft SQL Server/130/Tools/Binn/:/mnt/c/PostgreSQL/pg96/bin:/mnt/c/Program Files (x86)/sbt/bin:/mnt/c/maven/bin:/mnt/c/Program Files (x86)/GtkSharp/2.12/bin:/mnt/c/Program Files/Common Files/Autodesk Shared/:/mnt/c/Program Files (x86)/Autodesk/Backburner/:/mnt/c/Program Files/NVIDIA GPU Computing Toolkit/CUDA/cudnn-6.0/cuda/bin:/mnt/c/WINDOWS/System32/LibreSSL/:/mnt/c/WINDOWS/System32/OpenSSH/:/mnt/c/Program Files/Microsoft VS Code/bin:/mnt/c/Program Files/dotnet/:/mnt/c/Program Files/NVIDIA Corporation/NVIDIA NvDLISR:/mnt/c/zookeeper-3.4.12/bin:/mnt/c/Program Files/nodejs/:/mnt/c/WINDOWS/system32:/mnt/c/WINDOWS:/mnt/c/WINDOWS/System32/Wbem:/mnt/c/WINDOWS/System32/WindowsPowerShell/v1.0/:/mnt/c/WINDOWS/System32/OpenSSH/:/mnt/c/Users/Kris/AppData/Local/Programs/Git/cmd:/mnt/c/Program Files/Microsoft SQL Server/Client SDK/ODBC/170/Tools/Binn/:/mnt/c/Users/Kris/Anaconda3:/mnt/c/Users/Kris/Anaconda3/Library/mingw-w64/bin:/mnt/c/Users/Kris/Anaconda3/Library/usr/bin:/mnt/c/Users/Kris/Anaconda3/Library/bin:/mnt/c/Users/Kris/Anaconda3/Scripts:/mnt/c/Users/Kris/AppData/Local/Programs/Python/Python35/Scripts/:/mnt/c/Users/Kris/AppData/Local/Programs/Python/Python35/:/mnt/c/Users/Kris/AppData/Local/Programs/Python/Python36-32/Scripts/:/mnt/c/Users/Kris/AppData/Local/Programs/Python/Python36-32/:/mnt/c/Users/Kris/.dnx/runtimes/dnx-clr-win-x86.1.0.0-rc1-final/bin:/mnt/c/Users/Kris/.dnx/bin:/mnt/c/Program Files (x86)/FAHClient:/mnt/c/Users/Kris/AppData/Local/Microsoft/WindowsApps:/mnt/c/Users/Kris/AppData/Local/.meteor/:/mnt/c/Program Files/Heroku/bin:/mnt/c/Program Files/Microsoft VS Code/bin:/mnt/c/Program Files/NVIDIA GPU Computing Toolkit/CUDA/v8.0/bin:/mnt/c/Program Files/NVIDIA GPU Computing Toolkit/CUDA/cudnn-6.0/cuda/bin:/mnt/c/Users/Kris/AppData/Local/Programs/Microsoft VS Code/bin:/mnt/c/Users/Kris/AppData/Local/atom/bin:/mnt/c/Users/Kris/AppData/Local/Microsoft/WindowsApps:/mnt/c/Users/Kris/AppData/Roaming/npm:/snap/bin

Yarn version: 
  1.15.2

Node version: 
  10.16.0

Platform: 
  linux x64

Trace: 
  SyntaxError: /mnt/c/Users/Kris/Desktop/nestjs-dataloader/package.json: Unexpected token } in JSON at position 435
      at JSON.parse (<anonymous>)
      at /mnt/c/Users/Kris/AppData/Roaming/npm/node_modules/yarn/lib/cli.js:1625:59
      at Generator.next (<anonymous>)
      at step (/mnt/c/Users/Kris/AppData/Roaming/npm/node_modules/yarn/lib/cli.js:304:30)
      at /mnt/c/Users/Kris/AppData/Roaming/npm/node_modules/yarn/lib/cli.js:315:13

npm manifest: 
  {
    "name": "nestjs-dataloader",
    "version": "1.0.0",
    "description": "A NestJS decorator for dataloader",
    "main": "index.ts",
    "author": "Kris Lefeber <krislefeber@gmail.com>",
    "license": "MIT",
    "dependencies": {
      "@nestjs/common": "^6.8.0",
      "@nestjs/core": "^6.8.0",
      "@nestjs/graphql": "^6.5.3",
      "dataloader": "^1.4.0",    
      "reflect-metadata": "0.1.13",
      "rxjs": "^6.3.3",
      "typescript": "3.5.1",
    },
    "peerDependencies": {
      "graphql": "^14.1.1"
    }
  }

yarn manifest: 
  No manifest

Lockfile: 
  # THIS IS AN AUTOGENERATED FILE. DO NOT EDIT THIS FILE DIRECTLY.
  # yarn lockfile v1
  
  
  "@dsherret/to-absolute-glob@^2.0.2":
    version "2.0.2"
    resolved "https://registry.yarnpkg.com/@dsherret/to-absolute-glob/-/to-absolute-glob-2.0.2.tgz#1f6475dc8bd974cea07a2daf3864b317b1dd332c"
    integrity sha1-H2R13IvZdM6gei2vOGSzF7HdMyw=
    dependencies:
      is-absolute "^1.0.0"
      is-negated-glob "^1.0.0"
  
  "@kamilkisiela/graphql-tools@4.0.6":
    version "4.0.6"
    resolved "https://registry.yarnpkg.com/@kamilkisiela/graphql-tools/-/graphql-tools-4.0.6.tgz#6dcf4d18bedaf34f6ab1d5bad2414e530d0875d1"
    integrity sha512-IPWa+dOFCE4zaCsrJrAMp7yWXnfOZLNhqoMEOmn958WkLM0mmsDc/W/Rh7/7xopIT6P0oizb6/N1iH5HnNXOUA==
    dependencies:
      apollo-link "^1.2.3"
      apollo-utilities "^1.0.1"
      deprecated-decorator "^0.1.6"
      iterall "^1.1.3"
      uuid "^3.1.0"
  
  "@nestjs/common@^6.8.0":
    version "6.8.3"
    resolved "https://registry.yarnpkg.com/@nestjs/common/-/common-6.8.3.tgz#55984a93ffeb092364788ed23834fa53bbf6116f"
    integrity sha512-MQY05kocVTJx5UdLeE5gpBjiymXnKYo1rme3ejCaeMFFkiXmPcgkGquYNegCFy+SHXwsq9AW/gcoD0hkVn0Z6g==
    dependencies:
      axios "0.19.0"
      cli-color "2.0.0"
      uuid "3.3.3"
  
  "@nestjs/core@^6.8.0":
    version "6.8.3"
    resolved "https://registry.yarnpkg.com/@nestjs/core/-/core-6.8.3.tgz#b7def83df2845fbfce89ea3079ea6323e2551dca"
    integrity sha512-hgpmqwbJaOFEuFYTAQe/Csu+kcxBfqlsctv6np9tg/TqDvNFMrowt3Snvtpjpz55fdvUfUh8JY7YBwoaUTo6ZA==
    dependencies:
      "@nuxtjs/opencollective" "0.2.2"
      fast-safe-stringify "2.0.7"
      iterare "1.2.0"
      object-hash "2.0.0"
      uuid "3.3.3"
  
  "@nestjs/graphql@^6.5.3":
    version "6.5.3"
    resolved "https://registry.yarnpkg.com/@nestjs/graphql/-/graphql-6.5.3.tgz#6330b30d065bbe919abdcd3d30f8d319acfd3bbf"
    integrity sha512-k+mR+5Dhl2GsszpvNIvvM+9PHlJZncOEvQGHhC0loaHttL75PwU8m3Lwgcgun3Ej1OE1w6h6UwL4sc9PoxNZxA==
    dependencies:
      "@types/graphql" "14.2.3"
      chokidar "3.1.1"
      fast-glob "3.0.4"
      graphql-tools "4.0.5"
      lodash "4.17.15"
      merge-graphql-schemas "1.7.0"
      normalize-path "3.0.0"
      ts-morph "4.0.1"
      uuid "3.3.3"
    optionalDependencies:
      type-graphql "^0.17.3"
  
  "@nodelib/fs.scandir@2.1.3":
    version "2.1.3"
    resolved "https://registry.yarnpkg.com/@nodelib/fs.scandir/-/fs.scandir-2.1.3.tgz#3a582bdb53804c6ba6d146579c46e52130cf4a3b"
    integrity sha512-eGmwYQn3gxo4r7jdQnkrrN6bY478C3P+a/y72IJukF8LjB6ZHeB3c+Ehacj3sYeSmUXGlnA67/PmbM9CVwL7Dw==
    dependencies:
      "@nodelib/fs.stat" "2.0.3"
      run-parallel "^1.1.9"
  
  "@nodelib/fs.stat@2.0.3", "@nodelib/fs.stat@^2.0.1", "@nodelib/fs.stat@^2.0.2":
    version "2.0.3"
    resolved "https://registry.yarnpkg.com/@nodelib/fs.stat/-/fs.stat-2.0.3.tgz#34dc5f4cabbc720f4e60f75a747e7ecd6c175bd3"
    integrity sha512-bQBFruR2TAwoevBEd/NWMoAAtNGzTRgdrqnYCc7dhzfoNvqPzLyqlEQnzZ3kVnNrSp25iyxE00/3h2fqGAGArA==
  
  "@nodelib/fs.walk@^1.2.1", "@nodelib/fs.walk@^1.2.3":
    version "1.2.4"
    resolved "https://registry.yarnpkg.com/@nodelib/fs.walk/-/fs.walk-1.2.4.tgz#011b9202a70a6366e436ca5c065844528ab04976"
    integrity sha512-1V9XOY4rDW0rehzbrcqAmHnz8e7SKvX27gh8Gt2WgB0+pdzdiLV83p72kZPU+jvMbS1qU5mauP2iOvO8rhmurQ==
    dependencies:
      "@nodelib/fs.scandir" "2.1.3"
      fastq "^1.6.0"
  
  "@nuxtjs/opencollective@0.2.2":
    version "0.2.2"
    resolved "https://registry.yarnpkg.com/@nuxtjs/opencollective/-/opencollective-0.2.2.tgz#26a761ebf588cc92a422d7cee996a66bd6e2761e"
    integrity sha512-69gFVDs7mJfNjv9Zs5DFVD+pvBW+k1TaHSOqUWqAyTTfLcKI/EMYQgvEvziRd+zAFtUOoye6MfWh0qvinGISPw==
    dependencies:
      chalk "^2.4.1"
      consola "^2.3.0"
      node-fetch "^2.3.0"
  
  "@types/events@*":
    version "3.0.0"
    resolved "https://registry.yarnpkg.com/@types/events/-/events-3.0.0.tgz#2862f3f58a9a7f7c3e78d79f130dd4d71c25c2a7"
    integrity sha512-EaObqwIvayI5a8dCzhFrjKzVwKLxjoG9T6Ppd5CEo07LRKfQ8Yokw54r5+Wq7FaBQ+yXRvQAYPrHwya1/UFt9g==
  
  "@types/glob@7.1.1", "@types/glob@^7.1.1":
    version "7.1.1"
    resolved "https://registry.yarnpkg.com/@types/glob/-/glob-7.1.1.tgz#aa59a1c6e3fbc421e07ccd31a944c30eba521575"
    integrity sha512-1Bh06cbWJUHMC97acuD6UMG29nMt0Aqz1vF3guLfG+kHHJhy3AyohZFFxYk2f7Q1SQIrNwvncxAE0N/9s70F2w==
    dependencies:
      "@types/events" "*"
      "@types/minimatch" "*"
      "@types/node" "*"
  
  "@types/graphql@14.2.3":
    version "14.2.3"
    resolved "https://registry.yarnpkg.com/@types/graphql/-/graphql-14.2.3.tgz#cfc6420a67eb20420786f90112357921974593b9"
    integrity sha512-UoCovaxbJIxagCvVfalfK7YaNhmxj3BQFRQ2RHQKLiu+9wNXhJnlbspsLHt/YQM99IaLUUFJNzCwzc6W0ypMeQ==
  
  "@types/minimatch@*", "@types/minimatch@^3.0.3":
    version "3.0.3"
    resolved "https://registry.yarnpkg.com/@types/minimatch/-/minimatch-3.0.3.tgz#3dca0e3f33b200fc7d1139c0cd96c1268cadfd9d"
    integrity sha512-tHq6qdbT9U1IRSGf14CL0pUlULksvY9OZ+5eEgl1N7t+OA3tGvNpxJCzuKQlsNgCVwbAs670L1vcVQi8j9HjnA==
  
  "@types/node@*", "@types/node@^12.6.2":
    version "12.7.12"
    resolved "https://registry.yarnpkg.com/@types/node/-/node-12.7.12.tgz#7c6c571cc2f3f3ac4a59a5f2bd48f5bdbc8653cc"
    integrity sha512-KPYGmfD0/b1eXurQ59fXD1GBzhSQfz6/lKBxkaHX9dKTzjXbK68Zt7yGUxUsCS1jeTy/8aL+d9JEr+S54mpkWQ==
  
  "@types/semver@^6.0.1":
    version "6.0.2"
    resolved "https://registry.yarnpkg.com/@types/semver/-/semver-6.0.2.tgz#5e8b09f0e4af53034b1d0fb9977a277847836205"
    integrity sha512-G1Ggy7/9Nsa1Jt2yiBR2riEuyK2DFNnqow6R7cromXPMNynackRY1vqFTLz/gwnef1LHokbXThcPhqMRjUbkpQ==
  
  "@types/validator@10.11.3":
    version "10.11.3"
    resolved "https://registry.yarnpkg.com/@types/validator/-/validator-10.11.3.tgz#945799bef24a953c5bc02011ca8ad79331a3ef25"
    integrity sha512-GKF2VnEkMmEeEGvoo03ocrP9ySMuX1ypKazIYMlsjfslfBMhOAtC5dmEWKdJioW4lJN7MZRS88kalTsVClyQ9w==
  
  "@wry/equality@^0.1.2":
    version "0.1.9"
    resolved "https://registry.yarnpkg.com/@wry/equality/-/equality-0.1.9.tgz#b13e18b7a8053c6858aa6c85b54911fb31e3a909"
    integrity sha512-mB6ceGjpMGz1ZTza8HYnrPGos2mC6So4NhS1PtZ8s4Qt0K7fBiIGhpSxUbQmhwcSWE3no+bYxmI2OL6KuXYmoQ==
    dependencies:
      tslib "^1.9.3"
  
  aggregate-error@3.0.0:
    version "3.0.0"
    resolved "https://registry.yarnpkg.com/aggregate-error/-/aggregate-error-3.0.0.tgz#5b5a3c95e9095f311c9ab16c19fb4f3527cd3f79"
    integrity sha512-yKD9kEoJIR+2IFqhMwayIBgheLYbB3PS2OBhWae1L/ODTd/JF/30cW0bc9TqzRL3k4U41Dieu3BF4I29p8xesA==
    dependencies:
      clean-stack "^2.0.0"
      indent-string "^3.2.0"
  
  ansi-regex@^2.1.1:
    version "2.1.1"
    resolved "https://registry.yarnpkg.com/ansi-regex/-/ansi-regex-2.1.1.tgz#c3b33ab5ee360d86e0e628f0468ae7ef27d654df"
    integrity sha1-w7M6te42DYbg5ijwRorn7yfWVN8=
  
  ansi-styles@^3.2.1:
    version "3.2.1"
    resolved "https://registry.yarnpkg.com/ansi-styles/-/ansi-styles-3.2.1.tgz#41fbb20243e50b12be0f04b8dedbf07520ce841d"
    integrity sha512-VT0ZI6kZRdTh8YyJw3SMbYm/u+NqfsAxEpWO0Pf9sq8/e94WxxOpPKx9FR1FlyCtOVDNOQ+8ntlqFxiRc+r5qA==
    dependencies:
      color-convert "^1.9.0"
  
  anymatch@^3.1.0:
    version "3.1.1"
    resolved "https://registry.yarnpkg.com/anymatch/-/anymatch-3.1.1.tgz#c55ecf02185e2469259399310c173ce31233b142"
    integrity sha512-mM8522psRCqzV+6LhomX5wgp25YVibjh8Wj23I5RPkPppSVSjyKD2A2mBJmWGa+KN7f2D6LNh9jkBCeyLktzjg==
    dependencies:
      normalize-path "^3.0.0"
      picomatch "^2.0.4"
  
  apollo-link@^1.2.3:
    version "1.2.13"
    resolved "https://registry.yarnpkg.com/apollo-link/-/apollo-link-1.2.13.tgz#dff00fbf19dfcd90fddbc14b6a3f9a771acac6c4"
    integrity sha512-+iBMcYeevMm1JpYgwDEIDt/y0BB7VWyvlm/7x+TIPNLHCTCMgcEgDuW5kH86iQZWo0I7mNwQiTOz+/3ShPFmBw==
    dependencies:
      apollo-utilities "^1.3.0"
      ts-invariant "^0.4.0"
      tslib "^1.9.3"
      zen-observable-ts "^0.8.20"
  
  apollo-utilities@^1.0.1, apollo-utilities@^1.3.0:
    version "1.3.2"
    resolved "https://registry.yarnpkg.com/apollo-utilities/-/apollo-utilities-1.3.2.tgz#8cbdcf8b012f664cd6cb5767f6130f5aed9115c9"
    integrity sha512-JWNHj8XChz7S4OZghV6yc9FNnzEXj285QYp/nLNh943iObycI5GTDO3NGR9Dth12LRrSFMeDOConPfPln+WGfg==
    dependencies:
      "@wry/equality" "^0.1.2"
      fast-json-stable-stringify "^2.0.0"
      ts-invariant "^0.4.0"
      tslib "^1.9.3"
  
  array-differ@^3.0.0:
    version "3.0.0"
    resolved "https://registry.yarnpkg.com/array-differ/-/array-differ-3.0.0.tgz#3cbb3d0f316810eafcc47624734237d6aee4ae6b"
    integrity sha512-THtfYS6KtME/yIAhKjZ2ul7XI96lQGHRputJQHO80LAWQnuGP4iCIN8vdMRboGbIEYBwU33q8Tch1os2+X0kMg==
  
  array-union@^2.1.0:
    version "2.1.0"
    resolved "https://registry.yarnpkg.com/array-union/-/array-union-2.1.0.tgz#b798420adbeb1de828d84acd8a2e23d3efe85e8d"
    integrity sha512-HGyxoOTYUyCM6stUe6EJgnd4EoewAI7zMdfqO+kGjnlZmBDz/cR5pf8r/cR4Wq60sL/p0IkcjUEEPwS3GFrIyw==
  
  arrify@^2.0.1:
    version "2.0.1"
    resolved "https://registry.yarnpkg.com/arrify/-/arrify-2.0.1.tgz#c9655e9331e0abcd588d2a7cad7e9956f66701fa"
    integrity sha512-3duEwti880xqi4eAMN8AyR4a0ByT90zoYdLlevfrvU43vb0YZwZVfxOgxWrLXXXpyugL0hNZc9G6BiB5B3nUug==
  
  asyncro@^3.0.0:
    version "3.0.0"
    resolved "https://registry.yarnpkg.com/asyncro/-/asyncro-3.0.0.tgz#3c7a732e263bc4a42499042f48d7d858e9c0134e"
    integrity sha512-nEnWYfrBmA3taTiuiOoZYmgJ/CNrSoQLeLs29SeLcPu60yaw/mHDBHV0iOZ051fTvsTHxpCY+gXibqT9wbQYfg==
  
  axios@0.19.0:
    version "0.19.0"
    resolved "https://registry.yarnpkg.com/axios/-/axios-0.19.0.tgz#8e09bff3d9122e133f7b8101c8fbdd00ed3d2ab8"
    integrity sha512-1uvKqKQta3KBxIz14F2v06AEHZ/dIoeKfbTRkK1E5oqjDnuEerLmYTgJB5AiQZHJcljpg1TuRzdjDR06qNk0DQ==
    dependencies:
      follow-redirects "1.5.10"
      is-buffer "^2.0.2"
  
  balanced-match@^1.0.0:
    version "1.0.0"
    resolved "https://registry.yarnpkg.com/balanced-match/-/balanced-match-1.0.0.tgz#89b4d199ab2bee49de164ea02b89ce462d71b767"
    integrity sha1-ibTRmasr7kneFk6gK4nORi1xt2c=
  
  binary-extensions@^2.0.0:
    version "2.0.0"
    resolved "https://registry.yarnpkg.com/binary-extensions/-/binary-extensions-2.0.0.tgz#23c0df14f6a88077f5f986c0d167ec03c3d5537c"
    integrity sha512-Phlt0plgpIIBOGTT/ehfFnbNlfsDEiqmzE2KRXoX1bLIlir4X/MR+zSyBEkL05ffWgnRSf/DXv+WrUAVr93/ow==
  
  brace-expansion@^1.1.7:
    version "1.1.11"
    resolved "https://registry.yarnpkg.com/brace-expansion/-/brace-expansion-1.1.11.tgz#3c7fcbf529d87226f3d2f52b966ff5271eb441dd"
    integrity sha512-iCuPHDFgrHX7H2vEI/5xpz07zSHB00TpugqhmYtVmMO6518mCuRMoOYFldEBl0g187ufozdaHgWKcYFb61qGiA==
    dependencies:
      balanced-match "^1.0.0"
      concat-map "0.0.1"
  
  braces@^3.0.1, braces@^3.0.2:
    version "3.0.2"
    resolved "https://registry.yarnpkg.com/braces/-/braces-3.0.2.tgz#3454e1a462ee8d599e236df336cd9ea4f8afe107"
    integrity sha512-b8um+L1RzM3WDSzvhm6gIz1yfTbBt6YTlcEKAvsmqCZZFw46z626lVj9j1yEPW33H5H+lBQpZMP1k8l+78Ha0A==
    dependencies:
      fill-range "^7.0.1"
  
  chalk@^2.4.1:
    version "2.4.2"
    resolved "https://registry.yarnpkg.com/chalk/-/chalk-2.4.2.tgz#cd42541677a54333cf541a49108c1432b44c9424"
    integrity sha512-Mti+f9lpJNcwF4tWV8/OrTTtF1gZi+f8FqlyAdouralcFWFQWF2+NgCHShjkCb+IFBLq9buZwE1xckQU4peSuQ==
    dependencies:
      ansi-styles "^3.2.1"
      escape-string-regexp "^1.0.5"
      supports-color "^5.3.0"
  
  chokidar@3.1.1:
    version "3.1.1"
    resolved "https://registry.yarnpkg.com/chokidar/-/chokidar-3.1.1.tgz#27e953f3950336efcc455fd03e240c7299062003"
    integrity sha512-df4o16uZmMHzVQwECZRHwfguOt5ixpuQVaZHjYMvYisgKhE+JXwcj/Tcr3+3bu/XeOJQ9ycYmzu7Mv8XrGxJDQ==
    dependencies:
      anymatch "^3.1.0"
      braces "^3.0.2"
      glob-parent "^5.0.0"
      is-binary-path "^2.1.0"
      is-glob "^4.0.1"
      normalize-path "^3.0.0"
      readdirp "^3.1.1"
    optionalDependencies:
      fsevents "^2.0.6"
  
  class-validator@>=0.9.1:
    version "0.10.1"
    resolved "https://registry.yarnpkg.com/class-validator/-/class-validator-0.10.1.tgz#612abea0f5db44214b565ae45283d07e25e04efb"
    integrity sha512-XC4drXqOzWUTmGExg7L3+n8V9u4HrnTFh3k8oFVH/B61O06ZyUZsZ3ONAC2EJ9nQl95nn8WOl3bo/n+u8Axm+w==
    dependencies:
      "@types/validator" "10.11.3"
      google-libphonenumber "^3.1.6"
      validator "11.1.0"
  
  clean-stack@^2.0.0:
    version "2.2.0"
    resolved "https://registry.yarnpkg.com/clean-stack/-/clean-stack-2.2.0.tgz#ee8472dbb129e727b31e8a10a427dee9dfe4008b"
    integrity sha512-4diC9HaTE+KRAMWhDhrGOECgWZxoevMc5TlkObMqNSsVU62PYzXZ/SMTjzyGAFF1YusgxGcSWTEXBhp0CPwQ1A==
  
  cli-color@2.0.0:
    version "2.0.0"
    resolved "https://registry.yarnpkg.com/cli-color/-/cli-color-2.0.0.tgz#11ecfb58a79278cf6035a60c54e338f9d837897c"
    integrity sha512-a0VZ8LeraW0jTuCkuAGMNufareGHhyZU9z8OGsW0gXd1hZGi1SRuNRXdbGkraBBKnhyUhyebFWnRbp+dIn0f0A==
    dependencies:
      ansi-regex "^2.1.1"
      d "^1.0.1"
      es5-ext "^0.10.51"
      es6-iterator "^2.0.3"
      memoizee "^0.4.14"
      timers-ext "^0.1.7"
  
  code-block-writer@^10.0.0:
    version "10.0.0"
    resolved "https://registry.yarnpkg.com/code-block-writer/-/code-block-writer-10.0.0.tgz#d98a94b7ffb3ae9f9c02b531a3f5184ac7c0dbe3"
    integrity sha512-UIlTeLDLvu9YDmxh566yrnKCTBULJNCF+oUoRTv8gmt5/DIqp7pozkUu5hnpUPWjgIHEqkOeAiSGuN8E3A+Wuw==
  
  color-convert@^1.9.0:
    version "1.9.3"
    resolved "https://registry.yarnpkg.com/color-convert/-/color-convert-1.9.3.tgz#bb71850690e1f136567de629d2d5471deda4c1e8"
    integrity sha512-QfAUtd+vFdAtFQcC8CCyYt1fYWxSqAiK2cSD6zDB8N3cpsEBAvRxp9zOGg6G/SHHJYAT88/az/IuDGALsNVbGg==
    dependencies:
      color-name "1.1.3"
  
  color-name@1.1.3:
    version "1.1.3"
    resolved "https://registry.yarnpkg.com/color-name/-/color-name-1.1.3.tgz#a7d0558bd89c42f795dd42328f740831ca53bc25"
    integrity sha1-p9BVi9icQveV3UIyj3QIMcpTvCU=
  
  concat-map@0.0.1:
    version "0.0.1"
    resolved "https://registry.yarnpkg.com/concat-map/-/concat-map-0.0.1.tgz#d8a96bd77fd68df7793a73036a3ba0d5405d477b"
    integrity sha1-2Klr13/Wjfd5OnMDajug1UBdR3s=
  
  consola@^2.3.0:
    version "2.10.1"
    resolved "https://registry.yarnpkg.com/consola/-/consola-2.10.1.tgz#4693edba714677c878d520e4c7e4f69306b4b927"
    integrity sha512-4sxpH6SGFYLADfUip4vuY65f/gEogrzJoniVhNUYkJHtng0l8ZjnDCqxxrSVRHOHwKxsy8Vm5ONZh1wOR3/l/w==
  
  cross-fetch@^3.0.4:
    version "3.0.4"
    resolved "https://registry.yarnpkg.com/cross-fetch/-/cross-fetch-3.0.4.tgz#7bef7020207e684a7638ef5f2f698e24d9eb283c"
    integrity sha512-MSHgpjQqgbT/94D4CyADeNoYh52zMkCX4pcJvPP5WqPsLFMKjr2TCMg381ox5qI0ii2dPwaLx/00477knXqXVw==
    dependencies:
      node-fetch "2.6.0"
      whatwg-fetch "3.0.0"
  
  d@1, d@^1.0.1:
    version "1.0.1"
    resolved "https://registry.yarnpkg.com/d/-/d-1.0.1.tgz#8698095372d58dbee346ffd0c7093f99f8f9eb5a"
    integrity sha512-m62ShEObQ39CfralilEQRjH6oAMtNCV1xJyEx5LpRYUVN+EviphDgUc/F3hnYbADmkiNs67Y+3ylmlG7Lnu+FA==
    dependencies:
      es5-ext "^0.10.50"
      type "^1.0.1"
  
  dataloader@^1.4.0:
    version "1.4.0"
    resolved "https://registry.yarnpkg.com/dataloader/-/dataloader-1.4.0.tgz#bca11d867f5d3f1b9ed9f737bd15970c65dff5c8"
    integrity sha512-68s5jYdlvasItOJnCuI2Q9s4q98g0pCyL3HrcKJu8KNugUl8ahgmZYg38ysLTgQjjXX3H8CJLkAvWrclWfcalw==
  
  debug@=3.1.0:
    version "3.1.0"
    resolved "https://registry.yarnpkg.com/debug/-/debug-3.1.0.tgz#5bb5a0672628b64149566ba16819e61518c67261"
    integrity sha512-OX8XqP7/1a9cqkxYw2yXss15f26NKWBpDXQd0/uK/KPqdQhxbPa994hnzjcE2VqQpDslf55723cKPUOGSmMY3g==
    dependencies:
      ms "2.0.0"
  
  deepmerge@4.0.0:
    version "4.0.0"
    resolved "https://registry.yarnpkg.com/deepmerge/-/deepmerge-4.0.0.tgz#3e3110ca29205f120d7cb064960a39c3d2087c09"
    integrity sha512-YZ1rOP5+kHor4hMAH+HRQnBQHg+wvS1un1hAOuIcxcBy0hzcUf6Jg2a1w65kpoOUnurOfZbERwjI1TfZxNjcww==
  
  deprecated-decorator@^0.1.6:
    version "0.1.6"
    resolved "https://registry.yarnpkg.com/deprecated-decorator/-/deprecated-decorator-0.1.6.tgz#00966317b7a12fe92f3cc831f7583af329b86c37"
    integrity sha1-AJZjF7ehL+kvPMgx91g68ym4bDc=
  
  dir-glob@^3.0.1:
    version "3.0.1"
    resolved "https://registry.yarnpkg.com/dir-glob/-/dir-glob-3.0.1.tgz#56dbf73d992a4a93ba1584f4534063fd2e41717f"
    integrity sha512-WkrWp9GR4KXfKGYzOLmTuGVi1UWFfws377n9cc55/tb6DuqyF6pcQ5AbiHEshaDpY9v6oaSr2XCDidGmMwdzIA==
    dependencies:
      path-type "^4.0.0"
  
  es5-ext@^0.10.35, es5-ext@^0.10.45, es5-ext@^0.10.46, es5-ext@^0.10.50, es5-ext@^0.10.51, es5-ext@~0.10.14, es5-ext@~0.10.2, es5-ext@~0.10.46:
    version "0.10.51"
    resolved "https://registry.yarnpkg.com/es5-ext/-/es5-ext-0.10.51.tgz#ed2d7d9d48a12df86e0299287e93a09ff478842f"
    integrity sha512-oRpWzM2WcLHVKpnrcyB7OW8j/s67Ba04JCm0WnNv3RiABSvs7mrQlutB8DBv793gKcp0XENR8Il8WxGTlZ73gQ==
    dependencies:
      es6-iterator "~2.0.3"
      es6-symbol "~3.1.1"
      next-tick "^1.0.0"
  
  es6-iterator@^2.0.3, es6-iterator@~2.0.3:
    version "2.0.3"
    resolved "https://registry.yarnpkg.com/es6-iterator/-/es6-iterator-2.0.3.tgz#a7de889141a05a94b0854403b2d0a0fbfa98f3b7"
    integrity sha1-p96IkUGgWpSwhUQDstCg+/qY87c=
    dependencies:
      d "1"
      es5-ext "^0.10.35"
      es6-symbol "^3.1.1"
  
  es6-symbol@^3.1.1, es6-symbol@~3.1.1:
    version "3.1.2"
    resolved "https://registry.yarnpkg.com/es6-symbol/-/es6-symbol-3.1.2.tgz#859fdd34f32e905ff06d752e7171ddd4444a7ed1"
    integrity sha512-/ZypxQsArlv+KHpGvng52/Iz8by3EQPxhmbuz8yFG89N/caTFBSbcXONDw0aMjy827gQg26XAjP4uXFvnfINmQ==
    dependencies:
      d "^1.0.1"
      es5-ext "^0.10.51"
  
  es6-weak-map@^2.0.2:
    version "2.0.3"
    resolved "https://registry.yarnpkg.com/es6-weak-map/-/es6-weak-map-2.0.3.tgz#b6da1f16cc2cc0d9be43e6bdbfc5e7dfcdf31d53"
    integrity sha512-p5um32HOTO1kP+w7PRnB+5lQ43Z6muuMuIMffvDN8ZB4GcnjLBV6zGStpbASIMk4DCAvEaamhe2zhyCb/QXXsA==
    dependencies:
      d "1"
      es5-ext "^0.10.46"
      es6-iterator "^2.0.3"
      es6-symbol "^3.1.1"
  
  escape-string-regexp@^1.0.5:
    version "1.0.5"
    resolved "https://registry.yarnpkg.com/escape-string-regexp/-/escape-string-regexp-1.0.5.tgz#1b61c0562190a8dff6ae3bb2cf0200ca130b86d4"
    integrity sha1-G2HAViGQqN/2rjuyzwIAyhMLhtQ=
  
  event-emitter@^0.3.5:
    version "0.3.5"
    resolved "https://registry.yarnpkg.com/event-emitter/-/event-emitter-0.3.5.tgz#df8c69eef1647923c7157b9ce83840610b02cc39"
    integrity sha1-34xp7vFkeSPHFXuc6DhAYQsCzDk=
    dependencies:
      d "1"
      es5-ext "~0.10.14"
  
  fast-glob@3.0.4:
    version "3.0.4"
    resolved "https://registry.yarnpkg.com/fast-glob/-/fast-glob-3.0.4.tgz#d484a41005cb6faeb399b951fd1bd70ddaebb602"
    integrity sha512-wkIbV6qg37xTJwqSsdnIphL1e+LaGz4AIQqr00mIubMaEhv1/HEmJ0uuCGZRNRUkZZmOB5mJKO0ZUTVq+SxMQg==
    dependencies:
      "@nodelib/fs.stat" "^2.0.1"
      "@nodelib/fs.walk" "^1.2.1"
      glob-parent "^5.0.0"
      is-glob "^4.0.1"
      merge2 "^1.2.3"
      micromatch "^4.0.2"
  
  fast-glob@^3.0.3:
    version "3.1.0"
    resolved "https://registry.yarnpkg.com/fast-glob/-/fast-glob-3.1.0.tgz#77375a7e3e6f6fc9b18f061cddd28b8d1eec75ae"
    integrity sha512-TrUz3THiq2Vy3bjfQUB2wNyPdGBeGmdjbzzBLhfHN4YFurYptCKwGq/TfiRavbGywFRzY6U2CdmQ1zmsY5yYaw==
    dependencies:
      "@nodelib/fs.stat" "^2.0.2"
      "@nodelib/fs.walk" "^1.2.3"
      glob-parent "^5.1.0"
      merge2 "^1.3.0"
      micromatch "^4.0.2"
  
  fast-json-stable-stringify@^2.0.0:
    version "2.0.0"
    resolved "https://registry.yarnpkg.com/fast-json-stable-stringify/-/fast-json-stable-stringify-2.0.0.tgz#d5142c0caee6b1189f87d3a76111064f86c8bbf2"
    integrity sha1-1RQsDK7msRifh9OnYREGT4bIu/I=
  
  fast-safe-stringify@2.0.7:
    version "2.0.7"
    resolved "https://registry.yarnpkg.com/fast-safe-stringify/-/fast-safe-stringify-2.0.7.tgz#124aa885899261f68aedb42a7c080de9da608743"
    integrity sha512-Utm6CdzT+6xsDk2m8S6uL8VHxNwI6Jub+e9NYTcAms28T84pTa25GJQV9j0CY0N1rM8hK4x6grpF2BQf+2qwVA==
  
  fastq@^1.6.0:
    version "1.6.0"
    resolved "https://registry.yarnpkg.com/fastq/-/fastq-1.6.0.tgz#4ec8a38f4ac25f21492673adb7eae9cfef47d1c2"
    integrity sha512-jmxqQ3Z/nXoeyDmWAzF9kH1aGZSis6e/SbfPmJpUnyZ0ogr6iscHQaml4wsEepEWSdtmpy+eVXmCRIMpxaXqOA==
    dependencies:
      reusify "^1.0.0"
  
  fill-range@^7.0.1:
    version "7.0.1"
    resolved "https://registry.yarnpkg.com/fill-range/-/fill-range-7.0.1.tgz#1919a6a7c75fe38b2c7c77e5198535da9acdda40"
    integrity sha512-qOo9F+dMUmC2Lcb4BbVvnKJxTPjCm+RRpe4gDuGrzkL7mEVl/djYSu2OdQ2Pa302N4oqkSg9ir6jaLWJ2USVpQ==
    dependencies:
      to-regex-range "^5.0.1"
  
  follow-redirects@1.5.10:
    version "1.5.10"
    resolved "https://registry.yarnpkg.com/follow-redirects/-/follow-redirects-1.5.10.tgz#7b7a9f9aea2fdff36786a94ff643ed07f4ff5e2a"
    integrity sha512-0V5l4Cizzvqt5D44aTXbFZz+FtyXV1vrDN6qrelxtfYQKW0KO0W2T/hkE8xvGa/540LkZlkaUjO4ailYTFtHVQ==
    dependencies:
      debug "=3.1.0"
  
  fs-extra@^8.1.0:
    version "8.1.0"
    resolved "https://registry.yarnpkg.com/fs-extra/-/fs-extra-8.1.0.tgz#49d43c45a88cd9677668cb7be1b46efdb8d2e1c0"
    integrity sha512-yhlQgA6mnOJUKOsRUFsgJdQCvkKhcz8tlZG5HBQfReYZy46OwLcY+Zia0mtdHsOo9y/hP+CxMN0TU9QxoOtG4g==
    dependencies:
      graceful-fs "^4.2.0"
      jsonfile "^4.0.0"
      universalify "^0.1.0"
  
  fs.realpath@^1.0.0:
    version "1.0.0"
    resolved "https://registry.yarnpkg.com/fs.realpath/-/fs.realpath-1.0.0.tgz#1504ad2523158caa40db4a2787cb01411994ea4f"
    integrity sha1-FQStJSMVjKpA20onh8sBQRmU6k8=
  
  fsevents@^2.0.6:
    version "2.1.0"
    resolved "https://registry.yarnpkg.com/fsevents/-/fsevents-2.1.0.tgz#ce1a5f9ac71c6d75278b0c5bd236d7dfece4cbaa"
    integrity sha512-+iXhW3LuDQsno8dOIrCIT/CBjeBWuP7PXe8w9shnj9Lebny/Gx1ZjVBYwexLz36Ri2jKuXMNpV6CYNh8lHHgrQ==
  
  glob-parent@^5.0.0, glob-parent@^5.1.0:
    version "5.1.0"
    resolved "https://registry.yarnpkg.com/glob-parent/-/glob-parent-5.1.0.tgz#5f4c1d1e748d30cd73ad2944b3577a81b081e8c2"
    integrity sha512-qjtRgnIVmOfnKUE3NJAQEdk+lKrxfw8t5ke7SXtfMTHcjsBfOfWXCQfdb30zfDoZQ2IRSIiidmjtbHZPZ++Ihw==
    dependencies:
      is-glob "^4.0.1"
  
  glob@7.1.4, glob@^7.1.3, glob@^7.1.4:
    version "7.1.4"
    resolved "https://registry.yarnpkg.com/glob/-/glob-7.1.4.tgz#aa608a2f6c577ad357e1ae5a5c26d9a8d1969255"
    integrity sha512-hkLPepehmnKk41pUGm3sYxoFs/umurYfYJCerbXEyFIWcAzvpipAgVkBqqT9RBKMGjnq6kMuyYwha6csxbiM1A==
    dependencies:
      fs.realpath "^1.0.0"
      inflight "^1.0.4"
      inherits "2"
      minimatch "^3.0.4"
      once "^1.3.0"
      path-is-absolute "^1.0.0"
  
  globby@^10.0.1:
    version "10.0.1"
    resolved "https://registry.yarnpkg.com/globby/-/globby-10.0.1.tgz#4782c34cb75dd683351335c5829cc3420e606b22"
    integrity sha512-sSs4inE1FB2YQiymcmTv6NWENryABjUNPeWhOvmn4SjtKybglsyPZxFB3U1/+L1bYi0rNZDqCLlHyLYDl1Pq5A==
    dependencies:
      "@types/glob" "^7.1.1"
      array-union "^2.1.0"
      dir-glob "^3.0.1"
      fast-glob "^3.0.3"
      glob "^7.1.3"
      ignore "^5.1.1"
      merge2 "^1.2.3"
      slash "^3.0.0"
  
  google-libphonenumber@^3.1.6:
    version "3.2.5"
    resolved "https://registry.yarnpkg.com/google-libphonenumber/-/google-libphonenumber-3.2.5.tgz#2ebe6437fd3dbbffd65f4339ad1ba93b3dc56836"
    integrity sha512-Y0r7MFCI11UDLn0KaMPBEInhROyIOkWkQIyvWMFVF2I+h+sHE3vbl5a7FVe39td6u/w+nlKDdUMP9dMOZyv+2Q==
  
  graceful-fs@^4.1.6, graceful-fs@^4.2.0:
    version "4.2.2"
    resolved "https://registry.yarnpkg.com/graceful-fs/-/graceful-fs-4.2.2.tgz#6f0952605d0140c1cfdb138ed005775b92d67b02"
    integrity sha512-IItsdsea19BoLC7ELy13q1iJFNmd7ofZH5+X/pJr90/nRoPEX0DJo1dHDbgtYWOhJhcCgMDTOw84RZ72q6lB+Q==
  
  graphql-import@0.7.1:
    version "0.7.1"
    resolved "https://registry.yarnpkg.com/graphql-import/-/graphql-import-0.7.1.tgz#4add8d91a5f752d764b0a4a7a461fcd93136f223"
    integrity sha512-YpwpaPjRUVlw2SN3OPljpWbVRWAhMAyfSba5U47qGMOSsPLi2gYeJtngGpymjm9nk57RFWEpjqwh4+dpYuFAPw==
    dependencies:
      lodash "^4.17.4"
      resolve-from "^4.0.0"
  
  graphql-query-complexity@^0.3.0:
    version "0.3.0"
    resolved "https://registry.yarnpkg.com/graphql-query-complexity/-/graphql-query-complexity-0.3.0.tgz#71a44e124b7591a185d9d8cde55205aa57680c5d"
    integrity sha512-JVqHT81Eh9O17iOjs1r1qzsh5YY2upfA3zoUsQGggT4d+1hajWitk4GQQY5SZtq5eul7y6jMsM9qRUSOAKhDJQ==
    dependencies:
      lodash.get "^4.4.2"
  
  graphql-subscriptions@^1.1.0:
    version "1.1.0"
    resolved "https://registry.yarnpkg.com/graphql-subscriptions/-/graphql-subscriptions-1.1.0.tgz#5f2fa4233eda44cf7570526adfcf3c16937aef11"
    integrity sha512-6WzlBFC0lWmXJbIVE8OgFgXIP4RJi3OQgTPa0DVMsDXdpRDjTsM1K9wfl5HSYX7R87QAGlvcv2Y4BIZa/ItonA==
    dependencies:
      iterall "^1.2.1"
  
  graphql-toolkit@0.5.0:
    version "0.5.0"
    resolved "https://registry.yarnpkg.com/graphql-toolkit/-/graphql-toolkit-0.5.0.tgz#7371c21809898286b2a9e164b45469586cf64498"
    integrity sha512-tBgqyWPHI/Pgt+jp+uLZZy2EBCzjd6yWAu73oUlmrhgg7XM6f1ONotVHvIO2MK7j8khR+ex/cUe8FgpS1i845w==
    dependencies:
      "@kamilkisiela/graphql-tools" "4.0.6"
      "@types/glob" "7.1.1"
      aggregate-error "3.0.0"
      asyncro "^3.0.0"
      cross-fetch "^3.0.4"
      deepmerge "4.0.0"
      glob "7.1.4"
      graphql-import "0.7.1"
      is-glob "4.0.1"
      is-valid-path "0.1.1"
      lodash "4.17.15"
      tslib "^1.9.3"
      valid-url "1.0.9"
  
  graphql-tools@4.0.5:
    version "4.0.5"
    resolved "https://registry.yarnpkg.com/graphql-tools/-/graphql-tools-4.0.5.tgz#d2b41ee0a330bfef833e5cdae7e1f0b0d86b1754"
    integrity sha512-kQCh3IZsMqquDx7zfIGWBau42xe46gmqabwYkpPlCLIjcEY1XK+auP7iGRD9/205BPyoQdY8hT96MPpgERdC9Q==
    dependencies:
      apollo-link "^1.2.3"
      apollo-utilities "^1.0.1"
      deprecated-decorator "^0.1.6"
      iterall "^1.1.3"
      uuid "^3.1.0"
  
  has-flag@^3.0.0:
    version "3.0.0"
    resolved "https://registry.yarnpkg.com/has-flag/-/has-flag-3.0.0.tgz#b5d454dc2199ae225699f3467e5a07f3b955bafd"
    integrity sha1-tdRU3CGZriJWmfNGfloH87lVuv0=
  
  ignore@^5.1.1:
    version "5.1.4"
    resolved "https://registry.yarnpkg.com/ignore/-/ignore-5.1.4.tgz#84b7b3dbe64552b6ef0eca99f6743dbec6d97adf"
    integrity sha512-MzbUSahkTW1u7JpKKjY7LCARd1fU5W2rLdxlM4kdkayuCwZImjkpluF9CM1aLewYJguPDqewLam18Y6AU69A8A==
  
  indent-string@^3.2.0:
    version "3.2.0"
    resolved "https://registry.yarnpkg.com/indent-string/-/indent-string-3.2.0.tgz#4a5fd6d27cc332f37e5419a504dbb837105c9289"
    integrity sha1-Sl/W0nzDMvN+VBmlBNu4NxBckok=
  
  inflight@^1.0.4:
    version "1.0.6"
    resolved "https://registry.yarnpkg.com/inflight/-/inflight-1.0.6.tgz#49bd6331d7d02d0c09bc910a1075ba8165b56df9"
    integrity sha1-Sb1jMdfQLQwJvJEKEHW6gWW1bfk=
    dependencies:
      once "^1.3.0"
      wrappy "1"
  
  inherits@2:
    version "2.0.4"
    resolved "https://registry.yarnpkg.com/inherits/-/inherits-2.0.4.tgz#0fa2c64f932917c3433a0ded55363aae37416b7c"
    integrity sha512-k/vGaX4/Yla3WzyMCvTQOXYeIHvqOKtnqBduzTHpzpQZzAskKMhZ2K+EnBiSM9zGSoIFeMpXKxa4dYeZIQqewQ==
  
  is-absolute@^1.0.0:
    version "1.0.0"
    resolved "https://registry.yarnpkg.com/is-absolute/-/is-absolute-1.0.0.tgz#395e1ae84b11f26ad1795e73c17378e48a301576"
    integrity sha512-dOWoqflvcydARa360Gvv18DZ/gRuHKi2NU/wU5X1ZFzdYfH29nkiNZsF3mp4OJ3H4yo9Mx8A/uAGNzpzPN3yBA==
    dependencies:
      is-relative "^1.0.0"
      is-windows "^1.0.1"
  
  is-binary-path@^2.1.0:
    version "2.1.0"
    resolved "https://registry.yarnpkg.com/is-binary-path/-/is-binary-path-2.1.0.tgz#ea1f7f3b80f064236e83470f86c09c254fb45b09"
    integrity sha512-ZMERYes6pDydyuGidse7OsHxtbI7WVeUEozgR/g7rd0xUimYNlvZRE/K2MgZTjWy725IfelLeVcEM97mmtRGXw==
    dependencies:
      binary-extensions "^2.0.0"
  
  is-buffer@^2.0.2:
    version "2.0.4"
    resolved "https://registry.yarnpkg.com/is-buffer/-/is-buffer-2.0.4.tgz#3e572f23c8411a5cfd9557c849e3665e0b290623"
    integrity sha512-Kq1rokWXOPXWuaMAqZiJW4XxsmD9zGx9q4aePabbn3qCRGedtH7Cm+zV8WETitMfu1wdh+Rvd6w5egwSngUX2A==
  
  is-extglob@^1.0.0:
    version "1.0.0"
    resolved "https://registry.yarnpkg.com/is-extglob/-/is-extglob-1.0.0.tgz#ac468177c4943405a092fc8f29760c6ffc6206c0"
    integrity sha1-rEaBd8SUNAWgkvyPKXYMb/xiBsA=
  
  is-extglob@^2.1.1:
    version "2.1.1"
    resolved "https://registry.yarnpkg.com/is-extglob/-/is-extglob-2.1.1.tgz#a88c02535791f02ed37c76a1b9ea9773c833f8c2"
    integrity sha1-qIwCU1eR8C7TfHahueqXc8gz+MI=
  
  is-glob@4.0.1, is-glob@^4.0.1:
    version "4.0.1"
    resolved "https://registry.yarnpkg.com/is-glob/-/is-glob-4.0.1.tgz#7567dbe9f2f5e2467bc77ab83c4a29482407a5dc"
    integrity sha512-5G0tKtBTFImOqDnLB2hG6Bp2qcKEFduo4tZu9MT/H6NQv/ghhy30o55ufafxJ/LdH79LLs2Kfrn85TLKyA7BUg==
    dependencies:
      is-extglob "^2.1.1"
  
  is-glob@^2.0.0:
    version "2.0.1"
    resolved "https://registry.yarnpkg.com/is-glob/-/is-glob-2.0.1.tgz#d096f926a3ded5600f3fdfd91198cb0888c2d863"
    integrity sha1-0Jb5JqPe1WAPP9/ZEZjLCIjC2GM=
    dependencies:
      is-extglob "^1.0.0"
  
  is-invalid-path@^0.1.0:
    version "0.1.0"
    resolved "https://registry.yarnpkg.com/is-invalid-path/-/is-invalid-path-0.1.0.tgz#307a855b3cf1a938b44ea70d2c61106053714f34"
    integrity sha1-MHqFWzzxqTi0TqcNLGEQYFNxTzQ=
    dependencies:
      is-glob "^2.0.0"
  
  is-negated-glob@^1.0.0:
    version "1.0.0"
    resolved "https://registry.yarnpkg.com/is-negated-glob/-/is-negated-glob-1.0.0.tgz#6910bca5da8c95e784b5751b976cf5a10fee36d2"
    integrity sha1-aRC8pdqMleeEtXUbl2z1oQ/uNtI=
  
  is-number@^7.0.0:
    version "7.0.0"
    resolved "https://registry.yarnpkg.com/is-number/-/is-number-7.0.0.tgz#7535345b896734d5f80c4d06c50955527a14f12b"
    integrity sha512-41Cifkg6e8TylSpdtTpeLVMqvSBEVzTttHvERD741+pnZ8ANv0004MRL43QKPDlK9cGvNp6NZWZUBlbGXYxxng==
  
  is-promise@^2.1:
    version "2.1.0"
    resolved "https://registry.yarnpkg.com/is-promise/-/is-promise-2.1.0.tgz#79a2a9ece7f096e80f36d2b2f3bc16c1ff4bf3fa"
    integrity sha1-eaKp7OfwlugPNtKy87wWwf9L8/o=
  
  is-relative@^1.0.0:
    version "1.0.0"
    resolved "https://registry.yarnpkg.com/is-relative/-/is-relative-1.0.0.tgz#a1bb6935ce8c5dba1e8b9754b9b2dcc020e2260d"
    integrity sha512-Kw/ReK0iqwKeu0MITLFuj0jbPAmEiOsIwyIXvvbfa6QfmN9pkD1M+8pdk7Rl/dTKbH34/XBFMbgD4iMJhLQbGA==
    dependencies:
      is-unc-path "^1.0.0"
  
  is-unc-path@^1.0.0:
    version "1.0.0"
    resolved "https://registry.yarnpkg.com/is-unc-path/-/is-unc-path-1.0.0.tgz#d731e8898ed090a12c352ad2eaed5095ad322c9d"
    integrity sha512-mrGpVd0fs7WWLfVsStvgF6iEJnbjDFZh9/emhRDcGWTduTfNHd9CHeUwH3gYIjdbwo4On6hunkztwOaAw0yllQ==
    dependencies:
      unc-path-regex "^0.1.2"
  
  is-valid-path@0.1.1:
    version "0.1.1"
    resolved "https://registry.yarnpkg.com/is-valid-path/-/is-valid-path-0.1.1.tgz#110f9ff74c37f663e1ec7915eb451f2db93ac9df"
    integrity sha1-EQ+f90w39mPh7HkV60UfLbk6yd8=
    dependencies:
      is-invalid-path "^0.1.0"
  
  is-windows@^1.0.1:
    version "1.0.2"
    resolved "https://registry.yarnpkg.com/is-windows/-/is-windows-1.0.2.tgz#d1850eb9791ecd18e6182ce12a30f396634bb19d"
    integrity sha512-eXK1UInq2bPmjyX6e3VHIzMLobc4J94i4AWn+Hpq3OU5KkrRC96OAcR3PRJ/pGu6m8TRnBHP9dkXQVsT/COVIA==
  
  iterall@^1.1.3, iterall@^1.2.1:
    version "1.2.2"
    resolved "https://registry.yarnpkg.com/iterall/-/iterall-1.2.2.tgz#92d70deb8028e0c39ff3164fdbf4d8b088130cd7"
    integrity sha512-yynBb1g+RFUPY64fTrFv7nsjRrENBQJaX2UL+2Szc9REFrSNm1rpSXHGzhmAy7a9uv3vlvgBlXnf9RqmPH1/DA==
  
  iterare@1.2.0:
    version "1.2.0"
    resolved "https://registry.yarnpkg.com/iterare/-/iterare-1.2.0.tgz#7427f5ed45986e4b73e2fea903579f1117f3dd15"
    integrity sha512-RxMV9p/UzdK0Iplnd8mVgRvNdXlsTOiuDrqMRnDi3wIhbT+JP4xDquAX9ay13R3CH72NBzQ91KWe0+C168QAyQ==
  
  jsonfile@^4.0.0:
    version "4.0.0"
    resolved "https://registry.yarnpkg.com/jsonfile/-/jsonfile-4.0.0.tgz#8771aae0799b64076b76640fca058f9c10e33ecb"
    integrity sha1-h3Gq4HmbZAdrdmQPygWPnBDjPss=
    optionalDependencies:
      graceful-fs "^4.1.6"
  
  lodash.get@^4.4.2:
    version "4.4.2"
    resolved "https://registry.yarnpkg.com/lodash.get/-/lodash.get-4.4.2.tgz#2d177f652fa31e939b4438d5341499dfa3825e99"
    integrity sha1-LRd/ZS+jHpObRDjVNBSZ36OCXpk=
  
  lodash@4.17.15, lodash@^4.17.4:
    version "4.17.15"
    resolved "https://registry.yarnpkg.com/lodash/-/lodash-4.17.15.tgz#b447f6670a0455bbfeedd11392eff330ea097548"
    integrity sha512-8xOcRHvCjnocdS5cpwXQXVzmmh5e5+saE2QGoeQmbKmRS6J3VQppPOIt0MnmE+4xlZoumy0GPG0D0MVIQbNA1A==
  
  lru-queue@0.1:
    version "0.1.0"
    resolved "https://registry.yarnpkg.com/lru-queue/-/lru-queue-0.1.0.tgz#2738bd9f0d3cf4f84490c5736c48699ac632cda3"
    integrity sha1-Jzi9nw089PhEkMVzbEhpmsYyzaM=
    dependencies:
      es5-ext "~0.10.2"
  
  memoizee@^0.4.14:
    version "0.4.14"
    resolved "https://registry.yarnpkg.com/memoizee/-/memoizee-0.4.14.tgz#07a00f204699f9a95c2d9e77218271c7cd610d57"
    integrity sha512-/SWFvWegAIYAO4NQMpcX+gcra0yEZu4OntmUdrBaWrJncxOqAziGFlHxc7yjKVK2uu3lpPW27P27wkR82wA8mg==
    dependencies:
      d "1"
      es5-ext "^0.10.45"
      es6-weak-map "^2.0.2"
      event-emitter "^0.3.5"
      is-promise "^2.1"
      lru-queue "0.1"
      next-tick "1"
      timers-ext "^0.1.5"
  
  merge-graphql-schemas@1.7.0:
    version "1.7.0"
    resolved "https://registry.yarnpkg.com/merge-graphql-schemas/-/merge-graphql-schemas-1.7.0.tgz#bedf99b90096d4b324f8e81271e878e6b5cc930d"
    integrity sha512-uxErpYVjlf91eTBdwHxVEwKtaosmmEHMJaQfe35XHwOEpUfhA9OFbYKRfZX5jUUS53xMnk203HDAl/u0EfjP7A==
    dependencies:
      graphql-toolkit "0.5.0"
      tslib "1.10.0"
  
  merge2@^1.2.3, merge2@^1.3.0:
    version "1.3.0"
    resolved "https://registry.yarnpkg.com/merge2/-/merge2-1.3.0.tgz#5b366ee83b2f1582c48f87e47cf1a9352103ca81"
    integrity sha512-2j4DAdlBOkiSZIsaXk4mTE3sRS02yBHAtfy127xRV3bQUFqXkjHCHLW6Scv7DwNRbIWNHH8zpnz9zMaKXIdvYw==
  
  micromatch@^4.0.2:
    version "4.0.2"
    resolved "https://registry.yarnpkg.com/micromatch/-/micromatch-4.0.2.tgz#4fcb0999bf9fbc2fcbdd212f6d629b9a56c39259"
    integrity sha512-y7FpHSbMUMoyPbYUSzO6PaZ6FyRnQOpHuKwbo1G+Knck95XVU4QAiKdGEnj5wwoS7PlOgthX/09u5iFJ+aYf5Q==
    dependencies:
      braces "^3.0.1"
      picomatch "^2.0.5"
  
  minimatch@^3.0.4:
    version "3.0.4"
    resolved "https://registry.yarnpkg.com/minimatch/-/minimatch-3.0.4.tgz#5166e286457f03306064be5497e8dbb0c3d32083"
    integrity sha512-yJHVQEhyqPLUTgt9B83PXu6W3rx4MvvHvSUvToogpwoGDOUQ+yDrR0HRot+yOCdCO7u4hX3pWft6kWBBcqh0UA==
    dependencies:
      brace-expansion "^1.1.7"
  
  ms@2.0.0:
    version "2.0.0"
    resolved "https://registry.yarnpkg.com/ms/-/ms-2.0.0.tgz#5608aeadfc00be6c2901df5f9861788de0d597c8"
    integrity sha1-VgiurfwAvmwpAd9fmGF4jeDVl8g=
  
  multimatch@^4.0.0:
    version "4.0.0"
    resolved "https://registry.yarnpkg.com/multimatch/-/multimatch-4.0.0.tgz#8c3c0f6e3e8449ada0af3dd29efb491a375191b3"
    integrity sha512-lDmx79y1z6i7RNx0ZGCPq1bzJ6ZoDDKbvh7jxr9SJcWLkShMzXrHbYVpTdnhNM5MXpDUxCQ4DgqVttVXlBgiBQ==
    dependencies:
      "@types/minimatch" "^3.0.3"
      array-differ "^3.0.0"
      array-union "^2.1.0"
      arrify "^2.0.1"
      minimatch "^3.0.4"
  
  next-tick@1, next-tick@^1.0.0:
    version "1.0.0"
    resolved "https://registry.yarnpkg.com/next-tick/-/next-tick-1.0.0.tgz#ca86d1fe8828169b0120208e3dc8424b9db8342c"
    integrity sha1-yobR/ogoFpsBICCOPchCS524NCw=
  
  node-fetch@2.6.0, node-fetch@^2.3.0:
    version "2.6.0"
    resolved "https://registry.yarnpkg.com/node-fetch/-/node-fetch-2.6.0.tgz#e633456386d4aa55863f676a7ab0daa8fdecb0fd"
    integrity sha512-8dG4H5ujfvFiqDmVu9fQ5bOHUC15JMjMY/Zumv26oOvvVJjM67KF8koCWIabKQ1GJIa9r2mMZscBq/TbdOcmNA==
  
  normalize-path@3.0.0, normalize-path@^3.0.0:
    version "3.0.0"
    resolved "https://registry.yarnpkg.com/normalize-path/-/normalize-path-3.0.0.tgz#0dcd69ff23a1c9b11fd0978316644a0388216a65"
    integrity sha512-6eZs5Ls3WtCisHWp9S2GUy8dqkpGi4BVSz3GaqiE6ezub0512ESztXUwUB6C6IKbQkY2Pnb/mD4WYojCRwcwLA==
  
  object-hash@2.0.0:
    version "2.0.0"
    resolved "https://registry.yarnpkg.com/object-hash/-/object-hash-2.0.0.tgz#7c4cc341eb8b53367312a7c546142f00c9e0ea20"
    integrity sha512-I7zGBH0rDKwVGeGZpZoFaDhIwvJa3l1CZE+8VchylXbInNiCj7sxxea9P5dTM4ftKR5//nrqxrdeGSTWL2VpBA==
  
  once@^1.3.0:
    version "1.4.0"
    resolved "https://registry.yarnpkg.com/once/-/once-1.4.0.tgz#583b1aa775961d4b113ac17d9c50baef9dd76bd1"
    integrity sha1-WDsap3WWHUsROsF9nFC6753Xa9E=
    dependencies:
      wrappy "1"
  
  path-is-absolute@^1.0.0:
    version "1.0.1"
    resolved "https://registry.yarnpkg.com/path-is-absolute/-/path-is-absolute-1.0.1.tgz#174b9268735534ffbc7ace6bf53a5a9e1b5c5f5f"
    integrity sha1-F0uSaHNVNP+8es5r9TpanhtcX18=
  
  path-type@^4.0.0:
    version "4.0.0"
    resolved "https://registry.yarnpkg.com/path-type/-/path-type-4.0.0.tgz#84ed01c0a7ba380afe09d90a8c180dcd9d03043b"
    integrity sha512-gDKb8aZMDeD/tZWs9P6+q0J9Mwkdl6xMV8TjnGP3qJVJ06bdMgkbBlLU8IdfOsIsFz2BW1rNVT3XuNEl8zPAvw==
  
  picomatch@^2.0.4, picomatch@^2.0.5:
    version "2.0.7"
    resolved "https://registry.yarnpkg.com/picomatch/-/picomatch-2.0.7.tgz#514169d8c7cd0bdbeecc8a2609e34a7163de69f6"
    integrity sha512-oLHIdio3tZ0qH76NybpeneBhYVj0QFTfXEFTc/B3zKQspYfYYkWYgFsmzo+4kvId/bQRcNkVeguI3y+CD22BtA==
  
  readdirp@^3.1.1:
    version "3.1.3"
    resolved "https://registry.yarnpkg.com/readdirp/-/readdirp-3.1.3.tgz#d6e011ed5b9240a92f08651eeb40f7942ceb6cc1"
    integrity sha512-ZOsfTGkjO2kqeR5Mzr5RYDbTGYneSkdNKX2fOX2P5jF7vMrd/GNnIAUtDldeHHumHUCQ3V05YfWUdxMPAsRu9Q==
    dependencies:
      picomatch "^2.0.4"
  
  reflect-metadata@0.1.13:
    version "0.1.13"
    resolved "https://registry.yarnpkg.com/reflect-metadata/-/reflect-metadata-0.1.13.tgz#67ae3ca57c972a2aa1642b10fe363fe32d49dc08"
    integrity sha512-Ts1Y/anZELhSsjMcU605fU9RE4Oi3p5ORujwbIKXfWa+0Zxs510Qrmrce5/Jowq3cHSZSJqBjypxmHarc+vEWg==
  
  resolve-from@^4.0.0:
    version "4.0.0"
    resolved "https://registry.yarnpkg.com/resolve-from/-/resolve-from-4.0.0.tgz#4abcd852ad32dd7baabfe9b40e00a36db5f392e6"
    integrity sha512-pb/MYmXstAkysRFx8piNI1tGFNQIFA3vkE3Gq4EuA1dF6gHp/+vgZqsCGJapvy8N3Q+4o7FwvquPJcnZ7RYy4g==
  
  reusify@^1.0.0:
    version "1.0.4"
    resolved "https://registry.yarnpkg.com/reusify/-/reusify-1.0.4.tgz#90da382b1e126efc02146e90845a88db12925d76"
    integrity sha512-U9nH88a3fc/ekCF1l0/UP1IosiuIjyTh7hBvXVMHYgVcfGvt897Xguj2UOLDeI5BG2m7/uwyaLVT6fbtCwTyzw==
  
  run-parallel@^1.1.9:
    version "1.1.9"
    resolved "https://registry.yarnpkg.com/run-parallel/-/run-parallel-1.1.9.tgz#c9dd3a7cf9f4b2c4b6244e173a6ed866e61dd679"
    integrity sha512-DEqnSRTDw/Tc3FXf49zedI638Z9onwUotBMiUFKmrO2sdFKIbXamXGQ3Axd4qgphxKB4kw/qP1w5kTxnfU1B9Q==
  
  rxjs@^6.3.3:
    version "6.5.3"
    resolved "https://registry.yarnpkg.com/rxjs/-/rxjs-6.5.3.tgz#510e26317f4db91a7eb1de77d9dd9ba0a4899a3a"
    integrity sha512-wuYsAYYFdWTAnAaPoKGNhfpWwKZbJW+HgAJ+mImp+Epl7BG8oNWBCTyRM8gba9k4lk8BgWdoYm21Mo/RYhhbgA==
    dependencies:
      tslib "^1.9.0"
  
  semver@^6.2.0:
    version "6.3.0"
    resolved "https://registry.yarnpkg.com/semver/-/semver-6.3.0.tgz#ee0a64c8af5e8ceea67687b133761e1becbd1d3d"
    integrity sha512-b39TBaTSfV6yBrapU89p5fKekE2m/NwnDocOVruQFS1/veMgdzuPcnOM34M6CwxW8jH/lxEa5rBoDeUwu5HHTw==
  
  slash@^3.0.0:
    version "3.0.0"
    resolved "https://registry.yarnpkg.com/slash/-/slash-3.0.0.tgz#6539be870c165adbd5240220dbe361f1bc4d4634"
    integrity sha512-g9Q1haeby36OSStwb4ntCGGGaKsaVSjQ68fBxoQcutl5fS1vuY18H3wSt3jFyFtrkx+Kz0V1G85A4MyAdDMi2Q==
  
  supports-color@^5.3.0:
    version "5.5.0"
    resolved "https://registry.yarnpkg.com/supports-color/-/supports-color-5.5.0.tgz#e2e69a44ac8772f78a1ec0b35b689df6530efc8f"
    integrity sha512-QjVjwdXIt408MIiAqCX4oUKsgU2EqAGzs2Ppkm4aQYbjm+ZEWEcW4SfFNTr4uMNZma0ey4f5lgLrkB0aX0QMow==
    dependencies:
      has-flag "^3.0.0"
  
  timers-ext@^0.1.5, timers-ext@^0.1.7:
    version "0.1.7"
    resolved "https://registry.yarnpkg.com/timers-ext/-/timers-ext-0.1.7.tgz#6f57ad8578e07a3fb9f91d9387d65647555e25c6"
    integrity sha512-b85NUNzTSdodShTIbky6ZF02e8STtVVfD+fu4aXXShEELpozH+bCpJLYMPZbsABN2wDH7fJpqIoXxJpzbf0NqQ==
    dependencies:
      es5-ext "~0.10.46"
      next-tick "1"
  
  to-regex-range@^5.0.1:
    version "5.0.1"
    resolved "https://registry.yarnpkg.com/to-regex-range/-/to-regex-range-5.0.1.tgz#1648c44aae7c8d988a326018ed72f5b4dd0392e4"
    integrity sha512-65P7iz6X5yEr1cwcgvQxbbIw7Uk3gOy5dIdtZ4rDveLqhrdJP+Li/Hx6tyK0NEb+2GCyneCMJiGqrADCSNk8sQ==
    dependencies:
      is-number "^7.0.0"
  
  ts-invariant@^0.4.0:
    version "0.4.4"
    resolved "https://registry.yarnpkg.com/ts-invariant/-/ts-invariant-0.4.4.tgz#97a523518688f93aafad01b0e80eb803eb2abd86"
    integrity sha512-uEtWkFM/sdZvRNNDL3Ehu4WVpwaulhwQszV8mrtcdeE8nN00BV9mAmQ88RkrBhFgl9gMgvjJLAQcZbnPXI9mlA==
    dependencies:
      tslib "^1.9.3"
  
  ts-morph@4.0.1:
    version "4.0.1"
    resolved "https://registry.yarnpkg.com/ts-morph/-/ts-morph-4.0.1.tgz#bd67f7ef8aae29b030dffa2425ce10a0553e095c"
    integrity sha512-Vp6qYw8AHqQOPxLmRUoUbRDSUul+KV9Jh5y6egG0hZuzxfohWbzxbKoF9PfaFdZ8M//8Tc1IbPU84KA+psRFnA==
    dependencies:
      "@dsherret/to-absolute-glob" "^2.0.2"
      code-block-writer "^10.0.0"
      fs-extra "^8.1.0"
      glob-parent "^5.0.0"
      globby "^10.0.1"
      is-negated-glob "^1.0.0"
      multimatch "^4.0.0"
      typescript "^3.0.1"
  
  tslib@1.10.0, tslib@^1.10.0, tslib@^1.9.0, tslib@^1.9.3:
    version "1.10.0"
    resolved "https://registry.yarnpkg.com/tslib/-/tslib-1.10.0.tgz#c3c19f95973fb0a62973fb09d90d961ee43e5c8a"
    integrity sha512-qOebF53frne81cf0S9B41ByenJ3/IuH8yJKngAX35CmiZySA0khhkovshKK+jGCaMnVomla7gVlIcc3EvKPbTQ==
  
  type-graphql@^0.17.3:
    version "0.17.5"
    resolved "https://registry.yarnpkg.com/type-graphql/-/type-graphql-0.17.5.tgz#7f2f189ff7b9faef33537291ef333ff9adbee21c"
    integrity sha512-wscr63K0j9UKcX/nBTySamLd7nMZeYKmADk8A9sVmcPh+clNJUAw96784dg2VZn/sUdmN1y2AeKzmTjCfVB5sA==
    dependencies:
      "@types/glob" "^7.1.1"
      "@types/node" "^12.6.2"
      "@types/semver" "^6.0.1"
      class-validator ">=0.9.1"
      glob "^7.1.4"
      graphql-query-complexity "^0.3.0"
      graphql-subscriptions "^1.1.0"
      semver "^6.2.0"
      tslib "^1.10.0"
  
  type@^1.0.1:
    version "1.2.0"
    resolved "https://registry.yarnpkg.com/type/-/type-1.2.0.tgz#848dd7698dafa3e54a6c479e759c4bc3f18847a0"
    integrity sha512-+5nt5AAniqsCnu2cEQQdpzCAh33kVx8n0VoFidKpB1dVVLAN/F+bgVOqOJqOnEnrhp222clB5p3vUlD+1QAnfg==
  
  typescript@^3.0.1:
    version "3.6.4"
    resolved "https://registry.yarnpkg.com/typescript/-/typescript-3.6.4.tgz#b18752bb3792bc1a0281335f7f6ebf1bbfc5b91d"
    integrity sha512-unoCll1+l+YK4i4F8f22TaNVPRHcD9PA3yCuZ8g5e0qGqlVlJ/8FSateOLLSagn+Yg5+ZwuPkL8LFUc0Jcvksg==
  
  unc-path-regex@^0.1.2:
    version "0.1.2"
    resolved "https://registry.yarnpkg.com/unc-path-regex/-/unc-path-regex-0.1.2.tgz#e73dd3d7b0d7c5ed86fbac6b0ae7d8c6a69d50fa"
    integrity sha1-5z3T17DXxe2G+6xrCufYxqadUPo=
  
  universalify@^0.1.0:
    version "0.1.2"
    resolved "https://registry.yarnpkg.com/universalify/-/universalify-0.1.2.tgz#b646f69be3942dabcecc9d6639c80dc105efaa66"
    integrity sha512-rBJeI5CXAlmy1pV+617WB9J63U6XcazHHF2f2dbJix4XzpUF0RS3Zbj0FGIOCAva5P/d/GBOYaACQ1w+0azUkg==
  
  uuid@3.3.3, uuid@^3.1.0:
    version "3.3.3"
    resolved "https://registry.yarnpkg.com/uuid/-/uuid-3.3.3.tgz#4568f0216e78760ee1dbf3a4d2cf53e224112866"
    integrity sha512-pW0No1RGHgzlpHJO1nsVrHKpOEIxkGg1xB+v0ZmdNH5OAeAwzAVrCnI2/6Mtx+Uys6iaylxa+D3g4j63IKKjSQ==
  
  valid-url@1.0.9:
    version "1.0.9"
    resolved "https://registry.yarnpkg.com/valid-url/-/valid-url-1.0.9.tgz#1c14479b40f1397a75782f115e4086447433a200"
    integrity sha1-HBRHm0DxOXp1eC8RXkCGRHQzogA=
  
  validator@11.1.0:
    version "11.1.0"
    resolved "https://registry.yarnpkg.com/validator/-/validator-11.1.0.tgz#ac18cac42e0aa5902b603d7a5d9b7827e2346ac4"
    integrity sha512-qiQ5ktdO7CD6C/5/mYV4jku/7qnqzjrxb3C/Q5wR3vGGinHTgJZN/TdFT3ZX4vXhX2R1PXx42fB1cn5W+uJ4lg==
  
  whatwg-fetch@3.0.0:
    version "3.0.0"
    resolved "https://registry.yarnpkg.com/whatwg-fetch/-/whatwg-fetch-3.0.0.tgz#fc804e458cc460009b1a2b966bc8817d2578aefb"
    integrity sha512-9GSJUgz1D4MfyKU7KRqwOjXCXTqWdFNvEr7eUBYchQiVc744mqK/MzXPNR2WsPkmkOa4ywfg8C2n8h+13Bey1Q==
  
  wrappy@1:
    version "1.0.2"
    resolved "https://registry.yarnpkg.com/wrappy/-/wrappy-1.0.2.tgz#b5243d8f3ec1aa35f1364605bc0d1036e30ab69f"
    integrity sha1-tSQ9jz7BqjXxNkYFvA0QNuMKtp8=
  
  zen-observable-ts@^0.8.20:
    version "0.8.20"
    resolved "https://registry.yarnpkg.com/zen-observable-ts/-/zen-observable-ts-0.8.20.tgz#44091e335d3fcbc97f6497e63e7f57d5b516b163"
    integrity sha512-2rkjiPALhOtRaDX6pWyNqK1fnP5KkJJybYebopNSn6wDG1lxBoFs2+nwwXKoA6glHIrtwrfBBy6da0stkKtTAA==
    dependencies:
      tslib "^1.9.3"
      zen-observable "^0.8.0"
  
  zen-observable@^0.8.0:
    version "0.8.14"
    resolved "https://registry.yarnpkg.com/zen-observable/-/zen-observable-0.8.14.tgz#d33058359d335bc0db1f0af66158b32872af3bf7"
    integrity sha512-kQz39uonEjEESwh+qCi83kcC3rZJGh4mrZW7xjkSQYXkq//JZHTtKo+6yuVloTgMtzsIWOJrjIrKvk/dqm0L5g==
